<?xml version="1.0" encoding="UTF-8"?><testrun name="ImgSliderTest" project="RevAjaxMutatorTest" tests="2" started="2" failures="0" errors="1" ignored="0">
  <testsuite name="jp.mzw.revajaxmutator.test.imgslider.ImgSliderTest" time="16.166">
    <testcase name="showICSE2016LogoTest" classname="jp.mzw.revajaxmutator.test.imgslider.ImgSliderTest" time="12.168"/>
    <testcase name="testGetCommMethod" classname="jp.mzw.revajaxmutator.test.imgslider.ImgSliderTest" time="3.998">
      <error>org.openqa.selenium.TimeoutException: Timed out after 3 seconds waiting for element to be clickable: By.className: bx-next
Build info: version: '2.42.2', revision: '6a6995d31c7c56c340d6f45a76976d43506cd6cc', time: '2014-06-03 10:52:47'
System info: host: 'hnd-lab.local', ip: '10.100.100.36', os.name: 'Mac OS X', os.arch: 'x86_64', os.version: '10.10.3', java.version: '1.7.0_79'
Driver info: driver.version: unknown
	at org.openqa.selenium.support.ui.FluentWait.timeoutException(FluentWait.java:259)
	at org.openqa.selenium.support.ui.FluentWait.until(FluentWait.java:228)
	at jp.mzw.revajaxmutator.test.imgslider.ImgSliderTest.testGetCommMethod(ImgSliderTest.java:58)
	at sun.reflect.NativeMethodAccessorImpl.invoke0(Native Method)
	at sun.reflect.NativeMethodAccessorImpl.invoke(NativeMethodAccessorImpl.java:57)
	at sun.reflect.DelegatingMethodAccessorImpl.invoke(DelegatingMethodAccessorImpl.java:43)
	at java.lang.reflect.Method.invoke(Method.java:606)
	at org.junit.runners.model.FrameworkMethod$1.runReflectiveCall(FrameworkMethod.java:45)
	at org.junit.internal.runners.model.ReflectiveCallable.run(ReflectiveCallable.java:15)
	at org.junit.runners.model.FrameworkMethod.invokeExplosively(FrameworkMethod.java:42)
	at org.junit.internal.runners.statements.InvokeMethod.evaluate(InvokeMethod.java:20)
	at org.junit.internal.runners.statements.RunBefores.evaluate(RunBefores.java:28)
	at org.junit.internal.runners.statements.RunAfters.evaluate(RunAfters.java:30)
	at org.junit.rules.TestWatcher$1.evaluate(TestWatcher.java:47)
	at org.junit.rules.RunRules.evaluate(RunRules.java:18)
	at org.junit.runners.ParentRunner.runLeaf(ParentRunner.java:263)
	at org.junit.runners.BlockJUnit4ClassRunner.runChild(BlockJUnit4ClassRunner.java:68)
	at org.junit.runners.BlockJUnit4ClassRunner.runChild(BlockJUnit4ClassRunner.java:47)
	at org.junit.runners.ParentRunner$3.run(ParentRunner.java:231)
	at org.junit.runners.ParentRunner$1.schedule(ParentRunner.java:60)
	at org.junit.runners.ParentRunner.runChildren(ParentRunner.java:229)
	at org.junit.runners.ParentRunner.access$000(ParentRunner.java:50)
	at org.junit.runners.ParentRunner$2.evaluate(ParentRunner.java:222)
	at org.junit.internal.runners.statements.RunBefores.evaluate(RunBefores.java:28)
	at org.junit.internal.runners.statements.RunAfters.evaluate(RunAfters.java:30)
	at org.junit.runners.ParentRunner.run(ParentRunner.java:300)
	at org.eclipse.jdt.internal.junit4.runner.JUnit4TestReference.run(JUnit4TestReference.java:50)
	at org.eclipse.jdt.internal.junit.runner.TestExecution.run(TestExecution.java:38)
	at org.eclipse.jdt.internal.junit.runner.RemoteTestRunner.runTests(RemoteTestRunner.java:459)
	at org.eclipse.jdt.internal.junit.runner.RemoteTestRunner.runTests(RemoteTestRunner.java:675)
	at org.eclipse.jdt.internal.junit.runner.RemoteTestRunner.run(RemoteTestRunner.java:382)
	at org.eclipse.jdt.internal.junit.runner.RemoteTestRunner.main(RemoteTestRunner.java:192)
Caused by: org.openqa.selenium.NoSuchElementException: Unable to locate element: {"method":"class name","selector":"bx-next"}
Command duration or timeout: 6 milliseconds
For documentation on this error, please visit: http://seleniumhq.org/exceptions/no_such_element.html
Build info: version: '2.42.2', revision: '6a6995d31c7c56c340d6f45a76976d43506cd6cc', time: '2014-06-03 10:52:47'
System info: host: 'hnd-lab.local', ip: '10.100.100.36', os.name: 'Mac OS X', os.arch: 'x86_64', os.version: '10.10.3', java.version: '1.7.0_79'
Session ID: 978b7f40-ae25-704c-88ee-b3015feb1dca
Driver info: org.openqa.selenium.firefox.FirefoxDriver
Capabilities [{platform=MAC, acceptSslCerts=true, javascriptEnabled=true, cssSelectorsEnabled=true, databaseEnabled=true, browserName=firefox, handlesAlerts=true, browserConnectionEnabled=true, webStorageEnabled=true, nativeEvents=false, rotatable=false, locationContextEnabled=true, applicationCacheEnabled=true, takesScreenshot=true, version=24.8.1}]
	at sun.reflect.NativeConstructorAccessorImpl.newInstance0(Native Method)
	at sun.reflect.NativeConstructorAccessorImpl.newInstance(NativeConstructorAccessorImpl.java:57)
	at sun.reflect.DelegatingConstructorAccessorImpl.newInstance(DelegatingConstructorAccessorImpl.java:45)
	at java.lang.reflect.Constructor.newInstance(Constructor.java:526)
	at org.openqa.selenium.remote.ErrorHandler.createThrowable(ErrorHandler.java:204)
	at org.openqa.selenium.remote.ErrorHandler.throwIfResponseFailed(ErrorHandler.java:156)
	at org.openqa.selenium.remote.RemoteWebDriver.execute(RemoteWebDriver.java:599)
	at org.openqa.selenium.remote.RemoteWebDriver.findElement(RemoteWebDriver.java:352)
	at org.openqa.selenium.remote.RemoteWebDriver.findElementByClassName(RemoteWebDriver.java:433)
	at org.openqa.selenium.By$ByClassName.findElement(By.java:387)
	at org.openqa.selenium.remote.RemoteWebDriver.findElement(RemoteWebDriver.java:344)
	at org.openqa.selenium.support.ui.ExpectedConditions.findElement(ExpectedConditions.java:730)
	at org.openqa.selenium.support.ui.ExpectedConditions.access$000(ExpectedConditions.java:39)
	at org.openqa.selenium.support.ui.ExpectedConditions$4.apply(ExpectedConditions.java:130)
	at org.openqa.selenium.support.ui.ExpectedConditions$4.apply(ExpectedConditions.java:126)
	at org.openqa.selenium.support.ui.ExpectedConditions$17.apply(ExpectedConditions.java:528)
	at org.openqa.selenium.support.ui.ExpectedConditions$17.apply(ExpectedConditions.java:521)
	at org.openqa.selenium.support.ui.FluentWait.until(FluentWait.java:208)
	... 30 more
Caused by: org.openqa.selenium.remote.ErrorHandler$UnknownServerException: Unable to locate element: {"method":"class name","selector":"bx-next"}
Build info: version: '2.42.2', revision: '6a6995d31c7c56c340d6f45a76976d43506cd6cc', time: '2014-06-03 10:52:47'
System info: host: 'hnd-lab.local', ip: '10.100.100.36', os.name: 'Mac OS X', os.arch: 'x86_64', os.version: '10.10.3', java.version: '1.7.0_79'
Driver info: driver.version: unknown
	at &lt;anonymous class&gt;.FirefoxDriver.prototype.findElementInternal_(file:///var/folders/l_/whnhvvrj7cs6dpwyw2r6p0j40000gn/T/anonymous5799468594151753396webdriver-profile/extensions/fxdriver@googlecode.com/components/driver_component.js:9470)
	at &lt;anonymous class&gt;.FirefoxDriver.prototype.findElement(file:///var/folders/l_/whnhvvrj7cs6dpwyw2r6p0j40000gn/T/anonymous5799468594151753396webdriver-profile/extensions/fxdriver@googlecode.com/components/driver_component.js:9479)
	at &lt;anonymous class&gt;.DelayedCommand.prototype.executeInternal_/h(file:///var/folders/l_/whnhvvrj7cs6dpwyw2r6p0j40000gn/T/anonymous5799468594151753396webdriver-profile/extensions/fxdriver@googlecode.com/components/command_processor.js:11455)
	at &lt;anonymous class&gt;.DelayedCommand.prototype.executeInternal_(file:///var/folders/l_/whnhvvrj7cs6dpwyw2r6p0j40000gn/T/anonymous5799468594151753396webdriver-profile/extensions/fxdriver@googlecode.com/components/command_processor.js:11460)
	at &lt;anonymous class&gt;.DelayedCommand.prototype.execute/&lt;(file:///var/folders/l_/whnhvvrj7cs6dpwyw2r6p0j40000gn/T/anonymous5799468594151753396webdriver-profile/extensions/fxdriver@googlecode.com/components/command_processor.js:11402)

</error>
    </testcase>
  </testsuite>
</testrun>
